<?xml version="1.0" encoding="UTF-8"?>
<!-- Generated by org.testng.reporters.JUnitXMLReporter -->
<testsuite ignored="0" hostname="DESKTOP-CL30DRC" failures="1" tests="7" name="nopCommerce Test1" time="142.315" errors="0" timestamp="2022-10-20T15:09:46 IST">
  <testcase classname="com.nopCommerceV2.testCases.TC_LoginTest_001" name="logintest" time="10.657">
    <skipped/>
  </testcase> <!-- logintest -->
  <testcase classname="com.nopCommerceV2.testCases.TC_LoginTest_001" name="logintest" time="4.089">
    <skipped/>
  </testcase> <!-- logintest -->
  <testcase classname="com.nopCommerceV2.testCases.TC_LoginTest_001" name="logintest" time="3.558">
    <skipped/>
  </testcase> <!-- logintest -->
  <testcase classname="com.nopCommerceV2.testCases.TC_LoginTest_001" name="logintest" time="3.367">
    <failure type="java.lang.AssertionError">
      <![CDATA[java.lang.AssertionError
at org.junit.Assert.fail(Assert.java:86)
at org.junit.Assert.assertTrue(Assert.java:41)
at org.junit.Assert.assertTrue(Assert.java:52)
at com.nopCommerceV2.testCases.TC_LoginTest_001.logintest(TC_LoginTest_001.java:35)
at java.base/java.util.ArrayList.forEach(ArrayList.java:1511)
... Removed 25 stack frames]]>
    </failure>
  </testcase> <!-- logintest -->
  <testcase classname="com.nopCommerceV2.testCases.TC_LoginDDT_002" name="loginTestDDT" time="34.208"/>
  <testcase classname="com.nopCommerceV2.testCases.TC_AddCustomerTest_003" name="addNewCustomer" time="21.058"/>
  <testcase classname="com.nopCommerceV2.testCases.TC_SearchCustomerTest_004" name="serachByEmail" time="46.995"/>
</testsuite> <!-- nopCommerce Test1 -->
